<?xml version="1.0" encoding="UTF-8"?>
<testsuite name="com.bhft.todo.delete.DeleteTodosTests" tests="5" skipped="0" failures="0" errors="0" timestamp="2024-12-13T15:47:27" hostname="Marys-MacBook-Air.local" time="1.514">
  <properties/>
  <testcase name="testDeleteTodoWithInvalidIdFormat()" classname="com.bhft.todo.delete.DeleteTodosTests" time="0.657"/>
  <testcase name="testDeleteTodoWithInvalidAuth()" classname="com.bhft.todo.delete.DeleteTodosTests" time="0.542"/>
  <testcase name="testDeleteTodoWithoutAuthHeader()" classname="com.bhft.todo.delete.DeleteTodosTests" time="0.079"/>
  <testcase name="testDeleteExistingTodoWithValidAuth()" classname="com.bhft.todo.delete.DeleteTodosTests" time="0.158"/>
  <testcase name="testDeleteNonExistentTodo()" classname="com.bhft.todo.delete.DeleteTodosTests" time="0.034"/>
  <system-out><![CDATA[Request method:	POST
Request URI:	http://localhost:8080/todos
Proxy:			<none>
Request params:	<none>
Query params:	<none>
Form params:	<none>
Path params:	<none>
Headers:		Accept=application/json, application/javascript, text/javascript, text/json
				Content-Type=application/json
Cookies:		<none>
Multiparts:		<none>
Body:
{
    "id": 3,
    "text": "Task to Delete",
    "completed": false
}
HTTP/1.1 201 Created
content-length: 0
date: Fri, 13 Dec 2024 15:47:28 GMT
Request method:	DELETE
Request URI:	http://localhost:8080/todos/3
Proxy:			<none>
Request params:	<none>
Query params:	<none>
Form params:	<none>
Path params:	<none>
Headers:		Accept=application/json, application/javascript, text/javascript, text/json
				Content-Type=application/json
Cookies:		<none>
Multiparts:		<none>
Body:			<none>
HTTP/1.1 401 Unauthorized
content-type: text/plain; charset=utf-8
content-length: 0
date: Fri, 13 Dec 2024 15:47:27 GMT
Request method:	POST
Request URI:	http://localhost:8080/todos
Proxy:			<none>
Request params:	<none>
Query params:	<none>
Form params:	<none>
Path params:	<none>
Headers:		Accept=application/json, application/javascript, text/javascript, text/json
				Content-Type=application/json
Cookies:		<none>
Multiparts:		<none>
Body:
{
    "id": 2,
    "text": "Task to Delete",
    "completed": false
}
HTTP/1.1 201 Created
content-length: 0
date: Fri, 13 Dec 2024 15:47:27 GMT
Request method:	DELETE
Request URI:	http://localhost:8080/todos/2
Proxy:			<none>
Request params:	<none>
Query params:	<none>
Form params:	<none>
Path params:	<none>
Headers:		Accept=application/json, application/javascript, text/javascript, text/json
				Content-Type=application/json
Cookies:		<none>
Multiparts:		<none>
Body:			<none>
HTTP/1.1 401 Unauthorized
content-type: text/plain; charset=utf-8
content-length: 0
date: Fri, 13 Dec 2024 15:47:27 GMT
Request method:	POST
Request URI:	http://localhost:8080/todos
Proxy:			<none>
Request params:	<none>
Query params:	<none>
Form params:	<none>
Path params:	<none>
Headers:		Accept=application/json, application/javascript, text/javascript, text/json
				Content-Type=application/json
Cookies:		<none>
Multiparts:		<none>
Body:
{
    "id": 1,
    "text": "Task to Delete",
    "completed": false
}
HTTP/1.1 201 Created
content-length: 0
date: Fri, 13 Dec 2024 15:47:27 GMT
Request method:	DELETE
Request URI:	http://localhost:8080/todos/1
Proxy:			<none>
Request params:	<none>
Query params:	<none>
Form params:	<none>
Path params:	<none>
Headers:		Accept=application/json, application/javascript, text/javascript, text/json
				Content-Type=application/json
Cookies:		<none>
Multiparts:		<none>
Body:			<none>
HTTP/1.1 204 No Content
date: Fri, 13 Dec 2024 15:47:27 GMT
Request method:	DELETE
Request URI:	http://localhost:8080/todos/567
Proxy:			<none>
Request params:	<none>
Query params:	<none>
Form params:	<none>
Path params:	<none>
Headers:		Accept=application/json, application/javascript, text/javascript, text/json
				Content-Type=application/json
Cookies:		<none>
Multiparts:		<none>
Body:			<none>
HTTP/1.1 404 Not Found
content-length: 0
date: Fri, 13 Dec 2024 15:47:27 GMT
]]></system-out>
  <system-err><![CDATA[]]></system-err>
</testsuite>
