<?xml version="1.0" encoding="UTF-8"?>
<testsuite name="com.bhft.todo.put.PutTodosTests" tests="5" skipped="0" failures="0" errors="0" timestamp="2024-12-13T15:47:30" hostname="Marys-MacBook-Air.local" time="0.327">
  <properties/>
  <testcase name="testUpdateExistingTodoWithValidData()" classname="com.bhft.todo.put.PutTodosTests" time="0.087"/>
  <testcase name="testUpdateNonExistentTodo()" classname="com.bhft.todo.put.PutTodosTests" time="0.043"/>
  <testcase name="testUpdateTodoWithoutChangingData()" classname="com.bhft.todo.put.PutTodosTests" time="0.071"/>
  <testcase name="testUpdateTodoWithMissingFields()" classname="com.bhft.todo.put.PutTodosTests" time="0.059"/>
  <testcase name="testUpdateTodoWithInvalidDataTypes()" classname="com.bhft.todo.put.PutTodosTests" time="0.046"/>
  <system-out><![CDATA[Request method:	POST
Request URI:	http://localhost:8080/todos
Proxy:			<none>
Request params:	<none>
Query params:	<none>
Form params:	<none>
Path params:	<none>
Headers:		Accept=application/json, application/javascript, text/javascript, text/json
				Content-Type=application/json
Cookies:		<none>
Multiparts:		<none>
Body:
{
    "id": 1,
    "text": "Original Task",
    "completed": false
}
HTTP/1.1 201 Created
content-length: 0
date: Fri, 13 Dec 2024 15:47:29 GMT
Request method:	PUT
Request URI:	http://localhost:8080/todos/1
Proxy:			<none>
Request params:	<none>
Query params:	<none>
Form params:	<none>
Path params:	<none>
Headers:		Accept=application/json, application/javascript, text/javascript, text/json
				Content-Type=application/json
Cookies:		<none>
Multiparts:		<none>
Body:
{
    "id": 1,
    "text": "Updated Task",
    "completed": true
}
HTTP/1.1 200 OK
content-length: 0
date: Fri, 13 Dec 2024 15:47:29 GMT
Request method:	PUT
Request URI:	http://localhost:8080/todos/999
Proxy:			<none>
Request params:	<none>
Query params:	<none>
Form params:	<none>
Path params:	<none>
Headers:		Accept=application/json, application/javascript, text/javascript, text/json
				Content-Type=application/json
Cookies:		<none>
Multiparts:		<none>
Body:
{
    "id": 999,
    "text": "Non-existent Task",
    "completed": true
}
HTTP/1.1 404 Not Found
content-length: 0
date: Fri, 13 Dec 2024 15:47:29 GMT
Request method:	POST
Request URI:	http://localhost:8080/todos
Proxy:			<none>
Request params:	<none>
Query params:	<none>
Form params:	<none>
Path params:	<none>
Headers:		Accept=application/json, application/javascript, text/javascript, text/json
				Content-Type=application/json
Cookies:		<none>
Multiparts:		<none>
Body:
{
    "id": 4,
    "text": "Task without Changes",
    "completed": false
}
HTTP/1.1 201 Created
content-length: 0
date: Fri, 13 Dec 2024 15:47:29 GMT
Request method:	PUT
Request URI:	http://localhost:8080/todos/4
Proxy:			<none>
Request params:	<none>
Query params:	<none>
Form params:	<none>
Path params:	<none>
Headers:		Accept=application/json, application/javascript, text/javascript, text/json
				Content-Type=application/json
Cookies:		<none>
Multiparts:		<none>
Body:
{
    "id": 4,
    "text": "Task without Changes",
    "completed": false
}
HTTP/1.1 200 OK
content-length: 0
date: Fri, 13 Dec 2024 15:47:29 GMT
]]></system-out>
  <system-err><![CDATA[]]></system-err>
</testsuite>
